<?xml version="1.0" encoding="UTF-8"?>
<!-- Generated by org.testng.reporters.JUnitXMLReporter -->
<testsuite ignored="0" hostname="Bose_ThinkPad" failures="0" tests="4" name="Default test" time="37.623" errors="0" timestamp="2024-07-13T14:10:36 PDT">
  <testcase classname="com.webshop.tests.LoginPageTests" name="testLoginPageTitle" time="4.44"/>
  <testcase classname="com.webshop.tests.LoginPageTests" name="testWelcomeSignIn" time="0.873"/>
  <testcase classname="com.webshop.tests.LoginPageTests" name="testForgotPasswordPasswordIsDisplayed" time="0.84"/>
  <testcase classname="com.webshop.tests.LoginPageTests" name="testLoginFunction" time="4.093"/>
</testsuite> <!-- Default test -->
