<?xml version="1.0" encoding="UTF-8"?>
<!-- Generated by org.testng.reporters.JUnitXMLReporter -->
<testsuite ignored="0" hostname="Bose_ThinkPad" failures="0" tests="4" name="Default test" time="31.819" errors="0" timestamp="2024-07-12T11:29:18 PDT">
  <testcase classname="com.webshop.tests.LoginPageTests" name="testLoginPageTitle" time="3.673"/>
  <testcase classname="com.webshop.tests.LoginPageTests" name="testWelcomeSignIn" time="3.152"/>
  <testcase classname="com.webshop.tests.LoginPageTests" name="testForgotPasswordPasswordIsDisplayed" time="0.81"/>
  <testcase classname="com.webshop.tests.LoginPageTests" name="testLoginFunction" time="7.238"/>
</testsuite> <!-- Default test -->
