<?xml version="1.0" encoding="UTF-8"?>
<testng-results ignored="0" total="4" passed="4" failed="0" skipped="0">
  <reporter-output>
  </reporter-output>
  <suite started-at="2024-07-12T11:28:46 PDT" name="Default suite" finished-at="2024-07-12T11:29:18 PDT" duration-ms="31819">
    <groups>
    </groups>
    <test started-at="2024-07-12T11:28:46 PDT" name="Default test" finished-at="2024-07-12T11:29:18 PDT" duration-ms="31819">
      <class name="com.webshop.tests.LoginPageTests">
        <test-method is-config="true" signature="setUp()[pri:0, instance:com.webshop.tests.LoginPageTests@2892d68]" started-at="2024-07-12T11:28:46 PDT" name="setUp" finished-at="2024-07-12T11:28:51 PDT" duration-ms="4538" status="PASS">
          <reporter-output>
          </reporter-output>
        </test-method> <!-- setUp -->
        <test-method signature="testLoginPageTitle()[pri:1, instance:com.webshop.tests.LoginPageTests@2892d68]" started-at="2024-07-12T11:28:51 PDT" name="testLoginPageTitle" finished-at="2024-07-12T11:28:55 PDT" duration-ms="3673" status="PASS">
          <reporter-output>
          </reporter-output>
        </test-method> <!-- testLoginPageTitle -->
        <test-method is-config="true" signature="tearDown()[pri:0, instance:com.webshop.tests.LoginPageTests@2892d68]" started-at="2024-07-12T11:28:55 PDT" name="tearDown" finished-at="2024-07-12T11:28:55 PDT" duration-ms="200" status="PASS">
          <reporter-output>
          </reporter-output>
        </test-method> <!-- tearDown -->
        <test-method is-config="true" signature="setUp()[pri:0, instance:com.webshop.tests.LoginPageTests@2892d68]" started-at="2024-07-12T11:28:55 PDT" name="setUp" finished-at="2024-07-12T11:28:58 PDT" duration-ms="3179" status="PASS">
          <reporter-output>
          </reporter-output>
        </test-method> <!-- setUp -->
        <test-method signature="testWelcomeSignIn()[pri:2, instance:com.webshop.tests.LoginPageTests@2892d68]" started-at="2024-07-12T11:28:58 PDT" name="testWelcomeSignIn" finished-at="2024-07-12T11:29:01 PDT" duration-ms="3152" status="PASS">
          <reporter-output>
          </reporter-output>
        </test-method> <!-- testWelcomeSignIn -->
        <test-method is-config="true" signature="tearDown()[pri:0, instance:com.webshop.tests.LoginPageTests@2892d68]" started-at="2024-07-12T11:29:01 PDT" name="tearDown" finished-at="2024-07-12T11:29:01 PDT" duration-ms="184" status="PASS">
          <reporter-output>
          </reporter-output>
        </test-method> <!-- tearDown -->
        <test-method is-config="true" signature="setUp()[pri:0, instance:com.webshop.tests.LoginPageTests@2892d68]" started-at="2024-07-12T11:29:01 PDT" name="setUp" finished-at="2024-07-12T11:29:07 PDT" duration-ms="5359" status="PASS">
          <reporter-output>
          </reporter-output>
        </test-method> <!-- setUp -->
        <test-method signature="testForgotPasswordPasswordIsDisplayed()[pri:3, instance:com.webshop.tests.LoginPageTests@2892d68]" started-at="2024-07-12T11:29:07 PDT" name="testForgotPasswordPasswordIsDisplayed" finished-at="2024-07-12T11:29:07 PDT" duration-ms="810" status="PASS">
          <reporter-output>
          </reporter-output>
        </test-method> <!-- testForgotPasswordPasswordIsDisplayed -->
        <test-method is-config="true" signature="tearDown()[pri:0, instance:com.webshop.tests.LoginPageTests@2892d68]" started-at="2024-07-12T11:29:07 PDT" name="tearDown" finished-at="2024-07-12T11:29:08 PDT" duration-ms="136" status="PASS">
          <reporter-output>
          </reporter-output>
        </test-method> <!-- tearDown -->
        <test-method is-config="true" signature="setUp()[pri:0, instance:com.webshop.tests.LoginPageTests@2892d68]" started-at="2024-07-12T11:29:08 PDT" name="setUp" finished-at="2024-07-12T11:29:11 PDT" duration-ms="3131" status="PASS">
          <reporter-output>
          </reporter-output>
        </test-method> <!-- setUp -->
        <test-method signature="testLoginFunction()[pri:4, instance:com.webshop.tests.LoginPageTests@2892d68]" started-at="2024-07-12T11:29:11 PDT" name="testLoginFunction" finished-at="2024-07-12T11:29:18 PDT" duration-ms="7238" status="PASS">
          <reporter-output>
          </reporter-output>
        </test-method> <!-- testLoginFunction -->
        <test-method is-config="true" signature="tearDown()[pri:0, instance:com.webshop.tests.LoginPageTests@2892d68]" started-at="2024-07-12T11:29:18 PDT" name="tearDown" finished-at="2024-07-12T11:29:18 PDT" duration-ms="168" status="PASS">
          <reporter-output>
          </reporter-output>
        </test-method> <!-- tearDown -->
      </class> <!-- com.webshop.tests.LoginPageTests -->
    </test> <!-- Default test -->
  </suite> <!-- Default suite -->
</testng-results>
